<?xml version="1.0" encoding="UTF-8" ?>
<testsuites>
  <testsuite errors="0" failures="0" hostname="liberator.local" id="0" name="CommandBindingTests" package="jodatest" tests="3" time="3.522" timestamp="2009-08-19T20:24:09">
      <properties />

      <testcase classname="jodatest.CommandBindingTests" name="testBindingErrorsOnEmptyLocalDate" time="2.927" />

      <testcase classname="jodatest.CommandBindingTests" name="testBindingErrorsOnMalformedLocalDate" time="0.151" />

      <testcase classname="jodatest.CommandBindingTests" name="testLocalDateBoundUsingRequestLocale" time="0.443" />

      <system-out><![CDATA[--Output from testBindingErrorsOnEmptyLocalDate--


>>>>>>>>>>>>>>>>>>>> Making request to /command using method GET >>>>>>>>>>>>>>>>>>>>
Initializing web request settings for http://localhost:8080/joda-time-test/command
Request parameters:
========================================
========================================
Request headers:
========================================
Accept-Language: en
Accept: */*
========================================
Content of web window [TopLevelWindow[name=""]] changed
<<<<<<<<<<<<<<<<<<<< Received response from GET http://localhost:8080/joda-time-test/command <<<<<<<<<<<<<<<<<<<<
Response was 200 'OK', headers:
========================================
Server: Apache-Coyote/1.1
Content-Type: text/html;charset=UTF-8
Content-Language: en
Transfer-Encoding: chunked
Date: Wed, 19 Aug 2009 20:24:11 GMT
========================================
Content
========================================
<html>
    <head>
        <title>Command Binding Tests</title>
        <link rel="stylesheet" href="/joda-time-test/css/main.css" />
        <link rel="shortcut icon" href="/joda-time-test/images/favicon.ico" type="image/x-icon" />
        
		<meta http-equiv="Content-Type" content="text/html; charset=UTF-8"/>
		<meta name="layout" content="main"/>
		
	
        <script type="text/javascript" src="/joda-time-test/js/application.js"></script>

    </head>
    <body>
        <div id="spinner" class="spinner" style="display:none;">
            <img src="/joda-time-test/images/spinner.gif" alt="Spinner" />
        </div>
        <div id="grailsLogo" class="logo"><a href="http://grails.org"><img src="/joda-time-test/images/grails_logo.png" alt="Grails" border="0" /></a></div>
        
		<div class="nav">
			<span class="menuButton"><a class="home" href="/joda-time-test">Home</a></span>
		</div>
		<div class="body">
			<h1>Command Binding Tests</h1>
			

			<form action="/joda-time-test/command/submitLocalDate" method="post" name="localDate" id="localDate" >
				<fieldset>
					<legend>LocalDate</legend>
					
					<input type="text" name="localDate" value="" id="localDate" />
					<input type="submit" name="submit" value="Submit" id="submit" />
				</fieldset>
			</form>

		</div>
	
    </body>
</html>
========================================

#Setting value to [] on field [name:localDate id:localDate] of form [localDate]
Changed attribute value to  on tag [input] (id: DomAttr[name=id value=localDate] / name: DomAttr[name=name value=localDate])
Clicked [Submit] which resolved to a [class com.gargoylesoftware.htmlunit.html.HtmlSubmitInput]
Content of web window [TopLevelWindow[name=""]] changed
<<<<<<<<<<<<<<<<<<<< Received response from POST http://localhost:8080/joda-time-test/command/submitLocalDate <<<<<<<<<<<<<<<<<<<<
Response was 200 'OK', headers:
========================================
Server: Apache-Coyote/1.1
Content-Type: text/html;charset=utf-8
Content-Language: en
Transfer-Encoding: chunked
Date: Wed, 19 Aug 2009 20:24:12 GMT
========================================
Content
========================================
<html>
    <head>
        <title>Command Binding Tests</title>
        <link rel="stylesheet" href="/joda-time-test/css/main.css" />
        <link rel="shortcut icon" href="/joda-time-test/images/favicon.ico" type="image/x-icon" />
        
		<meta http-equiv="Content-Type" content="text/html; charset=UTF-8"/>
		<meta name="layout" content="main"/>
		
	
        <script type="text/javascript" src="/joda-time-test/js/application.js"></script>

    </head>
    <body>
        <div id="spinner" class="spinner" style="display:none;">
            <img src="/joda-time-test/images/spinner.gif" alt="Spinner" />
        </div>
        <div id="grailsLogo" class="logo"><a href="http://grails.org"><img src="/joda-time-test/images/grails_logo.png" alt="Grails" border="0" /></a></div>
        
		<div class="nav">
			<span class="menuButton"><a class="home" href="/joda-time-test">Home</a></span>
		</div>
		<div class="body">
			<h1>Command Binding Tests</h1>
			

			<form action="/joda-time-test/command/submitLocalDate" method="post" name="localDate" id="localDate" >
				<fieldset>
					<legend>LocalDate</legend>
					
						<div class="errors">
							<ul><li>Property [localDate] of class [class jodatest.LocalDateCommand] cannot be null</li></ul>
						</div>
					
					<input type="text" name="localDate" value="" id="localDate" />
					<input type="submit" name="submit" value="Submit" id="submit" />
				</fieldset>
			</form>

		</div>
	
    </body>
</html>
========================================

#--Output from testBindingErrorsOnMalformedLocalDate--


>>>>>>>>>>>>>>>>>>>> Making request to /command using method GET >>>>>>>>>>>>>>>>>>>>
Initializing web request settings for http://localhost:8080/joda-time-test/command
Request parameters:
========================================
========================================
Request headers:
========================================
Accept-Language: en
Accept: */*
========================================
Content of web window [TopLevelWindow[name=""]] changed
<<<<<<<<<<<<<<<<<<<< Received response from GET http://localhost:8080/joda-time-test/command <<<<<<<<<<<<<<<<<<<<
Response was 200 'OK', headers:
========================================
Server: Apache-Coyote/1.1
Content-Type: text/html;charset=UTF-8
Content-Language: en
Transfer-Encoding: chunked
Date: Wed, 19 Aug 2009 20:24:12 GMT
========================================
Content
========================================
<html>
    <head>
        <title>Command Binding Tests</title>
        <link rel="stylesheet" href="/joda-time-test/css/main.css" />
        <link rel="shortcut icon" href="/joda-time-test/images/favicon.ico" type="image/x-icon" />
        
		<meta http-equiv="Content-Type" content="text/html; charset=UTF-8"/>
		<meta name="layout" content="main"/>
		
	
        <script type="text/javascript" src="/joda-time-test/js/application.js"></script>

    </head>
    <body>
        <div id="spinner" class="spinner" style="display:none;">
            <img src="/joda-time-test/images/spinner.gif" alt="Spinner" />
        </div>
        <div id="grailsLogo" class="logo"><a href="http://grails.org"><img src="/joda-time-test/images/grails_logo.png" alt="Grails" border="0" /></a></div>
        
		<div class="nav">
			<span class="menuButton"><a class="home" href="/joda-time-test">Home</a></span>
		</div>
		<div class="body">
			<h1>Command Binding Tests</h1>
			

			<form action="/joda-time-test/command/submitLocalDate" method="post" name="localDate" id="localDate" >
				<fieldset>
					<legend>LocalDate</legend>
					
					<input type="text" name="localDate" value="" id="localDate" />
					<input type="submit" name="submit" value="Submit" id="submit" />
				</fieldset>
			</form>

		</div>
	
    </body>
</html>
========================================

#Setting value to [INVALID] on field [name:localDate id:localDate] of form [localDate]
Changed attribute value to  on tag [input] (id: DomAttr[name=id value=localDate] / name: DomAttr[name=name value=localDate])
Clicked [Submit] which resolved to a [class com.gargoylesoftware.htmlunit.html.HtmlSubmitInput]
Content of web window [TopLevelWindow[name=""]] changed
<<<<<<<<<<<<<<<<<<<< Received response from POST http://localhost:8080/joda-time-test/command/submitLocalDate <<<<<<<<<<<<<<<<<<<<
Response was 200 'OK', headers:
========================================
Server: Apache-Coyote/1.1
Content-Type: text/html;charset=utf-8
Content-Language: en
Transfer-Encoding: chunked
Date: Wed, 19 Aug 2009 20:24:12 GMT
========================================
Content
========================================
<html>
    <head>
        <title>Command Binding Tests</title>
        <link rel="stylesheet" href="/joda-time-test/css/main.css" />
        <link rel="shortcut icon" href="/joda-time-test/images/favicon.ico" type="image/x-icon" />
        
		<meta http-equiv="Content-Type" content="text/html; charset=UTF-8"/>
		<meta name="layout" content="main"/>
		
	
        <script type="text/javascript" src="/joda-time-test/js/application.js"></script>

    </head>
    <body>
        <div id="spinner" class="spinner" style="display:none;">
            <img src="/joda-time-test/images/spinner.gif" alt="Spinner" />
        </div>
        <div id="grailsLogo" class="logo"><a href="http://grails.org"><img src="/joda-time-test/images/grails_logo.png" alt="Grails" border="0" /></a></div>
        
		<div class="nav">
			<span class="menuButton"><a class="home" href="/joda-time-test">Home</a></span>
		</div>
		<div class="body">
			<h1>Command Binding Tests</h1>
			

			<form action="/joda-time-test/command/submitLocalDate" method="post" name="localDate" id="localDate" >
				<fieldset>
					<legend>LocalDate</legend>
					
						<div class="errors">
							<ul><li>Property localDate must be a valid LocalDate</li><li>Property [localDate] of class [class jodatest.LocalDateCommand] cannot be null</li></ul>
						</div>
					
					<input type="text" name="localDate" value="" id="localDate" />
					<input type="submit" name="submit" value="Submit" id="submit" />
				</fieldset>
			</form>

		</div>
	
    </body>
</html>
========================================

#--Output from testLocalDateBoundUsingRequestLocale--


>>>>>>>>>>>>>>>>>>>> Making request to /command?lang=en_GB using method GET >>>>>>>>>>>>>>>>>>>>
Initializing web request settings for http://localhost:8080/joda-time-test/command?lang=en_GB
Request parameters:
========================================
========================================
Request headers:
========================================
Accept-Language: en
Accept: */*
========================================
Content of web window [TopLevelWindow[name=""]] changed
<<<<<<<<<<<<<<<<<<<< Received response from GET http://localhost:8080/joda-time-test/command?lang=en_GB <<<<<<<<<<<<<<<<<<<<
Response was 200 'OK', headers:
========================================
Server: Apache-Coyote/1.1
Set-Cookie: JSESSIONID=FD3D4C009C47D2F68F59F04A7397AD3B; Path=/joda-time-test
Content-Type: text/html;charset=UTF-8
Content-Language: en-GB
Transfer-Encoding: chunked
Date: Wed, 19 Aug 2009 20:24:12 GMT
========================================
Content
========================================
<html>
    <head>
        <title>Command Binding Tests</title>
        <link rel="stylesheet" href="/joda-time-test/css/main.css" />
        <link rel="shortcut icon" href="/joda-time-test/images/favicon.ico" type="image/x-icon" />
        
		<meta http-equiv="Content-Type" content="text/html; charset=UTF-8"/>
		<meta name="layout" content="main"/>
		
	
        <script type="text/javascript" src="/joda-time-test/js/application.js"></script>

    </head>
    <body>
        <div id="spinner" class="spinner" style="display:none;">
            <img src="/joda-time-test/images/spinner.gif" alt="Spinner" />
        </div>
        <div id="grailsLogo" class="logo"><a href="http://grails.org"><img src="/joda-time-test/images/grails_logo.png" alt="Grails" border="0" /></a></div>
        
		<div class="nav">
			<span class="menuButton"><a class="home" href="/joda-time-test">Home</a></span>
		</div>
		<div class="body">
			<h1>Command Binding Tests</h1>
			

			<form action="/joda-time-test/command/submitLocalDate" method="post" name="localDate" id="localDate" >
				<fieldset>
					<legend>LocalDate</legend>
					
					<input type="text" name="localDate" value="" id="localDate" />
					<input type="submit" name="submit" value="Submit" id="submit" />
				</fieldset>
			</form>

		</div>
	
    </body>
</html>
========================================

#Setting value to [02/04/09] on field [name:localDate id:localDate] of form [localDate]
Changed attribute value to  on tag [input] (id: DomAttr[name=id value=localDate] / name: DomAttr[name=name value=localDate])
Clicked [Submit] which resolved to a [class com.gargoylesoftware.htmlunit.html.HtmlSubmitInput]
Content of web window [TopLevelWindow[name=""]] changed
<<<<<<<<<<<<<<<<<<<< Received response from POST http://localhost:8080/joda-time-test/command/submitLocalDate <<<<<<<<<<<<<<<<<<<<
Response was a redirect to http://localhost:8080/joda-time-test/command/index <<<<<<<<<<<<<<<<<<<<
Response was 302 'Moved Temporarily', headers:
========================================
Server: Apache-Coyote/1.1
Location: http://localhost:8080/joda-time-test/command/index
Content-Length: 0
Date: Wed, 19 Aug 2009 20:24:12 GMT
========================================
Content
========================================

========================================

#Following redirect to http://localhost:8080/joda-time-test/command/index


>>>>>>>>>>>>>>>>>>>> Making request to http://localhost:8080/joda-time-test/command/index using method GET >>>>>>>>>>>>>>>>>>>>
Initializing web request settings for http://localhost:8080/joda-time-test/command/index
Request parameters:
========================================
========================================
Request headers:
========================================
Accept-Language: en
Accept: */*
========================================
Content of web window [TopLevelWindow[name=""]] changed
<<<<<<<<<<<<<<<<<<<< Received response from GET http://localhost:8080/joda-time-test/command/index <<<<<<<<<<<<<<<<<<<<
Response was 200 'OK', headers:
========================================
Server: Apache-Coyote/1.1
Content-Type: text/html;charset=UTF-8
Content-Language: en-GB
Transfer-Encoding: chunked
Date: Wed, 19 Aug 2009 20:24:12 GMT
========================================
Content
========================================
<html>
    <head>
        <title>Command Binding Tests</title>
        <link rel="stylesheet" href="/joda-time-test/css/main.css" />
        <link rel="shortcut icon" href="/joda-time-test/images/favicon.ico" type="image/x-icon" />
        
		<meta http-equiv="Content-Type" content="text/html; charset=UTF-8"/>
		<meta name="layout" content="main"/>
		
	
        <script type="text/javascript" src="/joda-time-test/js/application.js"></script>

    </head>
    <body>
        <div id="spinner" class="spinner" style="display:none;">
            <img src="/joda-time-test/images/spinner.gif" alt="Spinner" />
        </div>
        <div id="grailsLogo" class="logo"><a href="http://grails.org"><img src="/joda-time-test/images/grails_logo.png" alt="Grails" border="0" /></a></div>
        
		<div class="nav">
			<span class="menuButton"><a class="home" href="/joda-time-test">Home</a></span>
		</div>
		<div class="body">
			<h1>Command Binding Tests</h1>
			
				<div class="message">You entered: 2 April 2009</div>
			

			<form action="/joda-time-test/command/submitLocalDate" method="post" name="localDate" id="localDate" >
				<fieldset>
					<legend>LocalDate</legend>
					
					<input type="text" name="localDate" value="" id="localDate" />
					<input type="submit" name="submit" value="Submit" id="submit" />
				</fieldset>
			</form>

		</div>
	
    </body>
</html>
========================================

#

>>>>>>>>>>>>>>>>>>>> Making request to /command?lang=en_US using method GET >>>>>>>>>>>>>>>>>>>>
Initializing web request settings for http://localhost:8080/joda-time-test/command?lang=en_US
Request parameters:
========================================
========================================
Request headers:
========================================
Accept-Language: en
Accept: */*
========================================
Content of web window [TopLevelWindow[name=""]] changed
<<<<<<<<<<<<<<<<<<<< Received response from GET http://localhost:8080/joda-time-test/command?lang=en_US <<<<<<<<<<<<<<<<<<<<
Response was 200 'OK', headers:
========================================
Server: Apache-Coyote/1.1
Content-Type: text/html;charset=UTF-8
Content-Language: en-US
Transfer-Encoding: chunked
Date: Wed, 19 Aug 2009 20:24:12 GMT
========================================
Content
========================================
<html>
    <head>
        <title>Command Binding Tests</title>
        <link rel="stylesheet" href="/joda-time-test/css/main.css" />
        <link rel="shortcut icon" href="/joda-time-test/images/favicon.ico" type="image/x-icon" />
        
		<meta http-equiv="Content-Type" content="text/html; charset=UTF-8"/>
		<meta name="layout" content="main"/>
		
	
        <script type="text/javascript" src="/joda-time-test/js/application.js"></script>

    </head>
    <body>
        <div id="spinner" class="spinner" style="display:none;">
            <img src="/joda-time-test/images/spinner.gif" alt="Spinner" />
        </div>
        <div id="grailsLogo" class="logo"><a href="http://grails.org"><img src="/joda-time-test/images/grails_logo.png" alt="Grails" border="0" /></a></div>
        
		<div class="nav">
			<span class="menuButton"><a class="home" href="/joda-time-test">Home</a></span>
		</div>
		<div class="body">
			<h1>Command Binding Tests</h1>
			

			<form action="/joda-time-test/command/submitLocalDate" method="post" name="localDate" id="localDate" >
				<fieldset>
					<legend>LocalDate</legend>
					
					<input type="text" name="localDate" value="" id="localDate" />
					<input type="submit" name="submit" value="Submit" id="submit" />
				</fieldset>
			</form>

		</div>
	
    </body>
</html>
========================================

#Setting value to [02/04/09] on field [name:localDate id:localDate] of form [localDate]
Changed attribute value to  on tag [input] (id: DomAttr[name=id value=localDate] / name: DomAttr[name=name value=localDate])
Clicked [Submit] which resolved to a [class com.gargoylesoftware.htmlunit.html.HtmlSubmitInput]
Content of web window [TopLevelWindow[name=""]] changed
<<<<<<<<<<<<<<<<<<<< Received response from POST http://localhost:8080/joda-time-test/command/submitLocalDate <<<<<<<<<<<<<<<<<<<<
Response was a redirect to http://localhost:8080/joda-time-test/command/index <<<<<<<<<<<<<<<<<<<<
Response was 302 'Moved Temporarily', headers:
========================================
Server: Apache-Coyote/1.1
Location: http://localhost:8080/joda-time-test/command/index
Content-Length: 0
Date: Wed, 19 Aug 2009 20:24:13 GMT
========================================
Content
========================================

========================================

#Following redirect to http://localhost:8080/joda-time-test/command/index


>>>>>>>>>>>>>>>>>>>> Making request to http://localhost:8080/joda-time-test/command/index using method GET >>>>>>>>>>>>>>>>>>>>
Initializing web request settings for http://localhost:8080/joda-time-test/command/index
Request parameters:
========================================
========================================
Request headers:
========================================
Accept-Language: en
Accept: */*
========================================
Content of web window [TopLevelWindow[name=""]] changed
<<<<<<<<<<<<<<<<<<<< Received response from GET http://localhost:8080/joda-time-test/command/index <<<<<<<<<<<<<<<<<<<<
Response was 200 'OK', headers:
========================================
Server: Apache-Coyote/1.1
Content-Type: text/html;charset=UTF-8
Content-Language: en-US
Transfer-Encoding: chunked
Date: Wed, 19 Aug 2009 20:24:13 GMT
========================================
Content
========================================
<html>
    <head>
        <title>Command Binding Tests</title>
        <link rel="stylesheet" href="/joda-time-test/css/main.css" />
        <link rel="shortcut icon" href="/joda-time-test/images/favicon.ico" type="image/x-icon" />
        
		<meta http-equiv="Content-Type" content="text/html; charset=UTF-8"/>
		<meta name="layout" content="main"/>
		
	
        <script type="text/javascript" src="/joda-time-test/js/application.js"></script>

    </head>
    <body>
        <div id="spinner" class="spinner" style="display:none;">
            <img src="/joda-time-test/images/spinner.gif" alt="Spinner" />
        </div>
        <div id="grailsLogo" class="logo"><a href="http://grails.org"><img src="/joda-time-test/images/grails_logo.png" alt="Grails" border="0" /></a></div>
        
		<div class="nav">
			<span class="menuButton"><a class="home" href="/joda-time-test">Home</a></span>
		</div>
		<div class="body">
			<h1>Command Binding Tests</h1>
			
				<div class="message">You entered: 4 February 2009</div>
			

			<form action="/joda-time-test/command/submitLocalDate" method="post" name="localDate" id="localDate" >
				<fieldset>
					<legend>LocalDate</legend>
					
					<input type="text" name="localDate" value="" id="localDate" />
					<input type="submit" name="submit" value="Submit" id="submit" />
				</fieldset>
			</form>

		</div>
	
    </body>
</html>
========================================

#]]></system-out>

      <system-err><![CDATA[--Output from testBindingErrorsOnEmptyLocalDate--
--Output from testBindingErrorsOnMalformedLocalDate--
--Output from testLocalDateBoundUsingRequestLocale--
]]></system-err>

  </testsuite>
  <testsuite errors="0" failures="0" hostname="liberator.local" id="1" name="DurationScaffoldingTests" package="jodatest" tests="5" time="7.384" timestamp="2009-08-19T20:24:13">
      <properties />

      <testcase classname="jodatest.DurationScaffoldingTests" name="testListView" time="2.451" />

      <testcase classname="jodatest.DurationScaffoldingTests" name="testCreate" time="2.594" />

      <testcase classname="jodatest.DurationScaffoldingTests" name="testShow" time="0.595" />

      <testcase classname="jodatest.DurationScaffoldingTests" name="testEdit" time="0.664" />

      <testcase classname="jodatest.DurationScaffoldingTests" name="testListViewIsSortable" time="1.079" />

      <system-out><![CDATA[--Output from testListView--


>>>>>>>>>>>>>>>>>>>> Making request to /marathon using method GET >>>>>>>>>>>>>>>>>>>>
Initializing web request settings for http://localhost:8080/joda-time-test/marathon
Request parameters:
========================================
========================================
Request headers:
========================================
Accept-Language: en
Accept: */*
========================================
Content of web window [TopLevelWindow[name=""]] changed
<<<<<<<<<<<<<<<<<<<< Received response from GET http://localhost:8080/joda-time-test/marathon <<<<<<<<<<<<<<<<<<<<
Response was a redirect to http://localhost:8080/joda-time-test/marathon/list <<<<<<<<<<<<<<<<<<<<
Response was 302 'Moved Temporarily', headers:
========================================
Server: Apache-Coyote/1.1
Location: http://localhost:8080/joda-time-test/marathon/list
Content-Length: 0
Date: Wed, 19 Aug 2009 20:24:14 GMT
========================================
Content
========================================

========================================

#Following redirect to http://localhost:8080/joda-time-test/marathon/list


>>>>>>>>>>>>>>>>>>>> Making request to http://localhost:8080/joda-time-test/marathon/list using method GET >>>>>>>>>>>>>>>>>>>>
Initializing web request settings for http://localhost:8080/joda-time-test/marathon/list
Request parameters:
========================================
========================================
Request headers:
========================================
Accept-Language: en
Accept: */*
========================================
Content of web window [TopLevelWindow[name=""]] changed
<<<<<<<<<<<<<<<<<<<< Received response from GET http://localhost:8080/joda-time-test/marathon/list <<<<<<<<<<<<<<<<<<<<
Response was 200 'OK', headers:
========================================
Server: Apache-Coyote/1.1
Content-Type: text/html;charset=UTF-8
Content-Language: en
Transfer-Encoding: chunked
Date: Wed, 19 Aug 2009 20:24:14 GMT
========================================
Content
========================================
<html>
    <head>
        <title>Marathon List</title>
        <link rel="stylesheet" href="/joda-time-test/css/main.css" />
        <link rel="shortcut icon" href="/joda-time-test/images/favicon.ico" type="image/x-icon" />
        
        <meta http-equiv="Content-Type" content="text/html; charset=UTF-8"/>
        <meta name="layout" content="main" />
        
        
    
        <script type="text/javascript" src="/joda-time-test/js/application.js"></script>

    </head>
    <body>
        <div id="spinner" class="spinner" style="display:none;">
            <img src="/joda-time-test/images/spinner.gif" alt="Spinner" />
        </div>
        <div id="grailsLogo" class="logo"><a href="http://grails.org"><img src="/joda-time-test/images/grails_logo.png" alt="Grails" border="0" /></a></div>
        
        <div class="nav">
            <span class="menuButton"><a class="home" href="/joda-time-test">Home</a></span>
            <span class="menuButton"><a href="/joda-time-test/marathon/create" class="create">New Marathon</a></span>
        </div>
        <div class="body">
            <h1>Marathon List</h1>
            
            <div class="list">
                <table>
                    <thead>
                        <tr>
                        
                   	        <th class="sortable" ><a href="/joda-time-test/marathon/list?sort=id&amp;order=asc">Id</a></th>
                        
                   	        <th class="sortable" ><a href="/joda-time-test/marathon/list?sort=runner&amp;order=asc">Runner</a></th>
                        
                   	        <th class="sortable" ><a href="/joda-time-test/marathon/list?sort=time&amp;order=asc">Time</a></th>
                        
                        </tr>
                    </thead>
                    <tbody>
                    
                        <tr class="odd">
                        
                            <td><a href="/joda-time-test/marathon/show/1">1</a></td>
                        
                            <td>Haile Gebrselassie</td>
                        
                            <td>2 hours, 3 minutes and 59 seconds</td>
                        
                        </tr>
                    
                    </tbody>
                </table>
            </div>
            <div class="paginateButtons">
                
            </div>
        </div>
    
    </body>
</html>
========================================

#--Output from testCreate--


>>>>>>>>>>>>>>>>>>>> Making request to /marathon/create using method GET >>>>>>>>>>>>>>>>>>>>
Initializing web request settings for http://localhost:8080/joda-time-test/marathon/create
Request parameters:
========================================
========================================
Request headers:
========================================
Accept-Language: en
Accept: */*
========================================
Content of web window [TopLevelWindow[name=""]] changed
<<<<<<<<<<<<<<<<<<<< Received response from GET http://localhost:8080/joda-time-test/marathon/create <<<<<<<<<<<<<<<<<<<<
Response was 200 'OK', headers:
========================================
Server: Apache-Coyote/1.1
Content-Type: text/html;charset=UTF-8
Content-Language: en
Transfer-Encoding: chunked
Date: Wed, 19 Aug 2009 20:24:17 GMT
========================================
Content
========================================
<html>
    <head>
        <title>Create Marathon</title>
        <link rel="stylesheet" href="/joda-time-test/css/main.css" />
        <link rel="shortcut icon" href="/joda-time-test/images/favicon.ico" type="image/x-icon" />
        
        <meta http-equiv="Content-Type" content="text/html; charset=UTF-8"/>
        <meta name="layout" content="main" />
        
        
    
        <script type="text/javascript" src="/joda-time-test/js/application.js"></script>

    </head>
    <body>
        <div id="spinner" class="spinner" style="display:none;">
            <img src="/joda-time-test/images/spinner.gif" alt="Spinner" />
        </div>
        <div id="grailsLogo" class="logo"><a href="http://grails.org"><img src="/joda-time-test/images/grails_logo.png" alt="Grails" border="0" /></a></div>
        
        <div class="nav">
            <span class="menuButton"><a class="home" href="/joda-time-test">Home</a></span>
            <span class="menuButton"><a href="/joda-time-test/marathon/list" class="list">Marathon List</a></span>
        </div>
        <div class="body">
            <h1>Create Marathon</h1>
            
            
            <form action="/joda-time-test/marathon/save" method="post" >
                <div class="dialog">
                    <table>
                        <tbody>
                        
                            <tr class="prop">
                                <td valign="top" class="name">
                                    <label for="runner">
                                      Runner
                                    </label>
                                </td>
                                <td valign="top" class="value ">
                                    <input type="text" id="runner" name="runner" value=""/>
                                </td>
                            </tr> 
                        
                            <tr class="prop">
                                <td valign="top" class="name">
                                    <label for="time">
                                      Time
                                    </label>
                                </td>
                                <td valign="top" class="value ">
                                    <input type="hidden" name="time" value="struct" /><label for="time_hours"><input type="text" name="time_hours" id="time_hours" value="0" size="1"/>&nbsp;hours </label><label for="time_minutes"><input type="text" name="time_minutes" id="time_minutes" value="0" size="1"/>&nbsp;minutes </label><label for="time_seconds"><input type="text" name="time_seconds" id="time_seconds" value="0" size="1"/>&nbsp;seconds </label>
                                </td>
                            </tr> 
                        
                        </tbody>
                    </table>
                </div>
                <div class="buttons">
                    <span class="button"><input class="save" type="submit" value="Create" /></span>
                </div>
            </form>
        </div>
    
    </body>
</html>
========================================

#Meta methods of page: <java.util.ArrayList@d04decc2 elementData=[org.codehaus.groovy.runtime.metaclass.ClosureMetaMethod@11aca0[name: getForms params: [] returns: class java.lang.Object owner: class com.gargoylesoftware.htmlunit.html.HtmlPage], public boolean java.lang.Object.equals(java.lang.Object), public final native java.lang.Class java.lang.Object.getClass(), public native int java.lang.Object.hashCode(), public final native void java.lang.Object.notify(), public final native void java.lang.Object.notifyAll(), public java.lang.String java.lang.Object.toString(), public final void java.lang.Object.wait() throws java.lang.InterruptedException, public final native void java.lang.Object.wait(long) throws java.lang.InterruptedException, public final void java.lang.Object.wait(long,int) throws java.lang.InterruptedException, public void com.gargoylesoftware.htmlunit.html.DomNode.addDomChangeListener(com.gargoylesoftware.htmlunit.html.DomChangeListener), public com.gargoylesoftware.htmlunit.html.DomNode com.gargoylesoftware.htmlunit.html.DomNode.appendChild(org.w3c.dom.Node), public volatile org.w3c.dom.Node com.gargoylesoftware.htmlunit.html.DomNode.appendChild(org.w3c.dom.Node) throws org.w3c.dom.DOMException, public java.lang.String com.gargoylesoftware.htmlunit.html.DomNode.asText(), public java.lang.String com.gargoylesoftware.htmlunit.html.DomNode.asXml(), public com.gargoylesoftware.htmlunit.html.DomNode com.gargoylesoftware.htmlunit.html.DomNode.cloneNode(boolean), public volatile org.w3c.dom.Node com.gargoylesoftware.htmlunit.html.DomNode.cloneNode(boolean), public short com.gargoylesoftware.htmlunit.html.DomNode.compareDocumentPosition(org.w3c.dom.Node), public final java.lang.Iterable com.gargoylesoftware.htmlunit.html.DomNode.getAllHtmlChildElements(), public org.w3c.dom.NamedNodeMap com.gargoylesoftware.htmlunit.html.DomNode.getAttributes(), public java.lang.String com.gargoylesoftware.htmlunit.html.DomNode.getBaseURI(), public java.util.List com.gargoylesoftware.htmlunit.html.DomNode.getByXPath(java.lang.String), public java.lang.String com.gargoylesoftware.htmlunit.html.DomNode.getCanonicalXPath(), public org.w3c.dom.NodeList com.gargoylesoftware.htmlunit.html.DomNode.getChildNodes(), public final java.lang.Iterable com.gargoylesoftware.htmlunit.html.DomNode.getChildren(), public int com.gargoylesoftware.htmlunit.html.DomNode.getEndColumnNumber(), public int com.gargoylesoftware.htmlunit.html.DomNode.getEndLineNumber(), public java.lang.Object com.gargoylesoftware.htmlunit.html.DomNode.getFeature(java.lang.String,java.lang.String), public java.lang.Object com.gargoylesoftware.htmlunit.html.DomNode.getFirstByXPath(java.lang.String), public com.gargoylesoftware.htmlunit.html.DomNode com.gargoylesoftware.htmlunit.html.DomNode.getFirstChild(), public volatile org.w3c.dom.Node com.gargoylesoftware.htmlunit.html.DomNode.getFirstChild(), public com.gargoylesoftware.htmlunit.html.DomNode com.gargoylesoftware.htmlunit.html.DomNode.getLastChild(), public volatile org.w3c.dom.Node com.gargoylesoftware.htmlunit.html.DomNode.getLastChild(), public java.lang.String com.gargoylesoftware.htmlunit.html.DomNode.getLocalName(), public java.lang.String com.gargoylesoftware.htmlunit.html.DomNode.getNamespaceURI(), public com.gargoylesoftware.htmlunit.html.DomNode com.gargoylesoftware.htmlunit.html.DomNode.getNextSibling(), public volatile org.w3c.dom.Node com.gargoylesoftware.htmlunit.html.DomNode.getNextSibling(), public abstract java.lang.String com.gargoylesoftware.htmlunit.html.DomNode.getNodeName(), public abstract short com.gargoylesoftware.htmlunit.html.DomNode.getNodeType(), public java.lang.String com.gargoylesoftware.htmlunit.html.DomNode.getNodeValue(), public org.w3c.dom.Document com.gargoylesoftware.htmlunit.html.DomNode.getOwnerDocument(), public com.gargoylesoftware.htmlunit.SgmlPage com.gargoylesoftware.htmlunit.html.DomNode.getPage(), public com.gargoylesoftware.htmlunit.html.DomNode com.gargoylesoftware.htmlunit.html.DomNode.getParentNode(), public volatile org.w3c.dom.Node com.gargoylesoftware.htmlunit.html.DomNode.getParentNode(), public java.lang.String com.gargoylesoftware.htmlunit.html.DomNode.getPrefix(), public com.gargoylesoftware.htmlunit.html.DomNode com.gargoylesoftware.htmlunit.html.DomNode.getPreviousSibling(), public volatile org.w3c.dom.Node com.gargoylesoftware.htmlunit.html.DomNode.getPreviousSibling(), public java.lang.String com.gargoylesoftware.htmlunit.html.DomNode.getReadyState(), public net.sourceforge.htmlunit.corejs.javascript.ScriptableObject com.gargoylesoftware.htmlunit.html.DomNode.getScriptObject(), public int com.gargoylesoftware.htmlunit.html.DomNode.getStartColumnNumber(), public int com.gargoylesoftware.htmlunit.html.DomNode.getStartLineNumber(), public java.lang.String com.gargoylesoftware.htmlunit.html.DomNode.getTextContent(), public java.lang.Object com.gargoylesoftware.htmlunit.html.DomNode.getUserData(java.lang.String), public boolean com.gargoylesoftware.htmlunit.html.DomNode.hasAttributes(), public boolean com.gargoylesoftware.htmlunit.html.DomNode.hasChildNodes(), public org.w3c.dom.Node com.gargoylesoftware.htmlunit.html.DomNode.insertBefore(org.w3c.dom.Node,org.w3c.dom.Node), public void com.gargoylesoftware.htmlunit.html.DomNode.insertBefore(com.gargoylesoftware.htmlunit.html.DomNode) throws java.lang.IllegalStateException, public boolean com.gargoylesoftware.htmlunit.html.DomNode.isAncestorOf(com.gargoylesoftware.htmlunit.html.DomNode), public boolean com.gargoylesoftware.htmlunit.html.DomNode.isDefaultNamespace(java.lang.String), public boolean com.gargoylesoftware.htmlunit.html.DomNode.isDisplayed(), public boolean com.gargoylesoftware.htmlunit.html.DomNode.isEqualNode(org.w3c.dom.Node), public boolean com.gargoylesoftware.htmlunit.html.DomNode.isSameNode(org.w3c.dom.Node), public boolean com.gargoylesoftware.htmlunit.html.DomNode.isSupported(java.lang.String,java.lang.String), public java.lang.String com.gargoylesoftware.htmlunit.html.DomNode.lookupNamespaceURI(java.lang.String), public java.lang.String com.gargoylesoftware.htmlunit.html.DomNode.lookupPrefix(java.lang.String), public void com.gargoylesoftware.htmlunit.html.DomNode.normalize(), public void com.gargoylesoftware.htmlunit.html.DomNode.remove(), public void com.gargoylesoftware.htmlunit.html.DomNode.removeAllChildren(), public org.w3c.dom.Node com.gargoylesoftware.htmlunit.html.DomNode.removeChild(org.w3c.dom.Node), public void com.gargoylesoftware.htmlunit.html.DomNode.removeDomChangeListener(com.gargoylesoftware.htmlunit.html.DomChangeListener), public void com.gargoylesoftware.htmlunit.html.DomNode.replace(com.gargoylesoftware.htmlunit.html.DomNode) throws java.lang.IllegalStateException, public org.w3c.dom.Node com.gargoylesoftware.htmlunit.html.DomNode.replaceChild(org.w3c.dom.Node,org.w3c.dom.Node), public void com.gargoylesoftware.htmlunit.html.DomNode.setNodeValue(java.lang.String), public void com.gargoylesoftware.htmlunit.html.DomNode.setPrefix(java.lang.String), public void com.gargoylesoftware.htmlunit.html.DomNode.setReadyState(java.lang.String), public void com.gargoylesoftware.htmlunit.html.DomNode.setScriptObject(net.sourceforge.htmlunit.corejs.javascript.ScriptableObject), public void com.gargoylesoftware.htmlunit.html.DomNode.setTextContent(java.lang.String), public java.lang.Object com.gargoylesoftware.htmlunit.html.DomNode.setUserData(java.lang.String,java.lang.Object,org.w3c.dom.UserDataHandler), public java.lang.String com.gargoylesoftware.htmlunit.SgmlPage.asXml(), public void com.gargoylesoftware.htmlunit.SgmlPage.cleanUp() throws java.io.IOException, public com.gargoylesoftware.htmlunit.html.DomDocumentFragment com.gargoylesoftware.htmlunit.SgmlPage.createDomDocumentFragment(), public abstract org.w3c.dom.Element com.gargoylesoftware.htmlunit.SgmlPage.createElement(java.lang.String), public abstract org.w3c.dom.Element com.gargoylesoftware.htmlunit.SgmlPage.createElementNS(java.lang.String,java.lang.String), public final org.w3c.dom.DocumentType com.gargoylesoftware.htmlunit.SgmlPage.getDoctype(), public com.gargoylesoftware.htmlunit.html.DomElement com.gargoylesoftware.htmlunit.SgmlPage.getDocumentElement(), public volatile org.w3c.dom.Element com.gargoylesoftware.htmlunit.SgmlPage.getDocumentElement(), public com.gargoylesoftware.htmlunit.WebWindow com.gargoylesoftware.htmlunit.SgmlPage.getEnclosingWindow(), public java.lang.String com.gargoylesoftware.htmlunit.SgmlPage.getNodeName(), public short com.gargoylesoftware.htmlunit.SgmlPage.getNodeType(), public com.gargoylesoftware.htmlunit.SgmlPage com.gargoylesoftware.htmlunit.SgmlPage.getPage(), public abstract java.lang.String com.gargoylesoftware.htmlunit.SgmlPage.getPageEncoding(), public com.gargoylesoftware.htmlunit.WebClient com.gargoylesoftware.htmlunit.SgmlPage.getWebClient(), public com.gargoylesoftware.htmlunit.WebResponse com.gargoylesoftware.htmlunit.SgmlPage.getWebResponse(), public abstract boolean com.gargoylesoftware.htmlunit.SgmlPage.hasCaseSensitiveTagNames(), public void com.gargoylesoftware.htmlunit.SgmlPage.initialize() throws java.io.IOException, public void com.gargoylesoftware.htmlunit.SgmlPage.setEnclosingWindow(com.gargoylesoftware.htmlunit.WebWindow), public void com.gargoylesoftware.htmlunit.html.HtmlPage.addHtmlAttributeChangeListener(com.gargoylesoftware.htmlunit.html.HtmlAttributeChangeListener), public org.w3c.dom.Node com.gargoylesoftware.htmlunit.html.HtmlPage.adoptNode(org.w3c.dom.Node) throws org.w3c.dom.DOMException, public void com.gargoylesoftware.htmlunit.html.HtmlPage.cleanUp(), public volatile com.gargoylesoftware.htmlunit.html.DomNode com.gargoylesoftware.htmlunit.html.HtmlPage.cloneNode(boolean), public com.gargoylesoftware.htmlunit.html.HtmlPage com.gargoylesoftware.htmlunit.html.HtmlPage.cloneNode(boolean), public volatile org.w3c.dom.Node com.gargoylesoftware.htmlunit.html.HtmlPage.cloneNode(boolean), public org.w3c.dom.Attr com.gargoylesoftware.htmlunit.html.HtmlPage.createAttribute(java.lang.String), public org.w3c.dom.Attr com.gargoylesoftware.htmlunit.html.HtmlPage.createAttributeNS(java.lang.String,java.lang.String), public org.w3c.dom.CDATASection com.gargoylesoftware.htmlunit.html.HtmlPage.createCDATASection(java.lang.String), public org.w3c.dom.Comment com.gargoylesoftware.htmlunit.html.HtmlPage.createComment(java.lang.String), public org.w3c.dom.DocumentFragment com.gargoylesoftware.htmlunit.html.HtmlPage.createDocumentFragment(), public com.gargoylesoftware.htmlunit.html.HtmlElement com.gargoylesoftware.htmlunit.html.HtmlPage.createElement(java.lang.String), public volatile org.w3c.dom.Element com.gargoylesoftware.htmlunit.html.HtmlPage.createElement(java.lang.String), public com.gargoylesoftware.htmlunit.html.HtmlElement com.gargoylesoftware.htmlunit.html.HtmlPage.createElementNS(java.lang.String,java.lang.String), public volatile org.w3c.dom.Element com.gargoylesoftware.htmlunit.html.HtmlPage.createElementNS(java.lang.String,java.lang.String), public org.w3c.dom.EntityReference com.gargoylesoftware.htmlunit.html.HtmlPage.createEntityReference(java.lang.String), public com.gargoylesoftware.htmlunit.html.HtmlElement com.gargoylesoftware.htmlunit.html.HtmlPage.createHtmlElement(java.lang.String), public com.gargoylesoftware.htmlunit.html.HtmlElement com.gargoylesoftware.htmlunit.html.HtmlPage.createHtmlElementNS(java.lang.String,java.lang.String), public org.w3c.dom.ProcessingInstruction com.gargoylesoftware.htmlunit.html.HtmlPage.createProcessingInstruction(java.lang.String,java.lang.String), public org.w3c.dom.Text com.gargoylesoftware.htmlunit.html.HtmlPage.createTextNode(java.lang.String), public void com.gargoylesoftware.htmlunit.html.HtmlPage.deregisterFramesIfNeeded(), public com.gargoylesoftware.htmlunit.ScriptResult com.gargoylesoftware.htmlunit.html.HtmlPage.executeJavaScript(java.lang.String), public com.gargoylesoftware.htmlunit.ScriptResult com.gargoylesoftware.htmlunit.html.HtmlPage.executeJavaScriptFunctionIfPossible(net.sourceforge.htmlunit.corejs.javascript.Function,net.sourceforge.htmlunit.corejs.javascript.Scriptable,java.lang.Object[],com.gargoylesoftware.htmlunit.html.DomNode), public com.gargoylesoftware.htmlunit.ScriptResult com.gargoylesoftware.htmlunit.html.HtmlPage.executeJavaScriptIfPossible(java.lang.String,java.lang.String,int), public com.gargoylesoftware.htmlunit.html.HtmlAnchor com.gargoylesoftware.htmlunit.html.HtmlPage.getAnchorByHref(java.lang.String) throws com.gargoylesoftware.htmlunit.ElementNotFoundException, public com.gargoylesoftware.htmlunit.html.HtmlAnchor com.gargoylesoftware.htmlunit.html.HtmlPage.getAnchorByName(java.lang.String) throws com.gargoylesoftware.htmlunit.ElementNotFoundException, public java.util.List com.gargoylesoftware.htmlunit.html.HtmlPage.getAnchors(), public com.gargoylesoftware.htmlunit.html.HtmlElement com.gargoylesoftware.htmlunit.html.HtmlPage.getBody(), public volatile com.gargoylesoftware.htmlunit.html.DomElement com.gargoylesoftware.htmlunit.html.HtmlPage.getDocumentElement(), public com.gargoylesoftware.htmlunit.html.HtmlElement com.gargoylesoftware.htmlunit.html.HtmlPage.getDocumentElement(), public volatile org.w3c.dom.Element com.gargoylesoftware.htmlunit.html.HtmlPage.getDocumentElement(), public java.lang.String com.gargoylesoftware.htmlunit.html.HtmlPage.getDocumentURI(), public org.w3c.dom.DOMConfiguration com.gargoylesoftware.htmlunit.html.HtmlPage.getDomConfig(), public com.gargoylesoftware.htmlunit.html.HtmlElement com.gargoylesoftware.htmlunit.html.HtmlPage.getElementByAccessKey(char), public com.gargoylesoftware.htmlunit.html.HtmlElement com.gargoylesoftware.htmlunit.html.HtmlPage.getElementById(java.lang.String), public volatile org.w3c.dom.Element com.gargoylesoftware.htmlunit.html.HtmlPage.getElementById(java.lang.String), public com.gargoylesoftware.htmlunit.html.HtmlElement com.gargoylesoftware.htmlunit.html.HtmlPage.getElementByName(java.lang.String) throws com.gargoylesoftware.htmlunit.ElementNotFoundException, public java.util.List com.gargoylesoftware.htmlunit.html.HtmlPage.getElementsByAccessKey(char), public java.util.List com.gargoylesoftware.htmlunit.html.HtmlPage.getElementsByIdAndOrName(java.lang.String), public java.util.List com.gargoylesoftware.htmlunit.html.HtmlPage.getElementsByName(java.lang.String), public org.w3c.dom.NodeList com.gargoylesoftware.htmlunit.html.HtmlPage.getElementsByTagName(java.lang.String), public org.w3c.dom.NodeList com.gargoylesoftware.htmlunit.html.HtmlPage.getElementsByTagNameNS(java.lang.String,java.lang.String), public com.gargoylesoftware.htmlunit.html.HtmlAnchor com.gargoylesoftware.htmlunit.html.HtmlPage.getFirstAnchorByText(java.lang.String) throws com.gargoylesoftware.htmlunit.ElementNotFoundException, public com.gargoylesoftware.htmlunit.html.HtmlElement com.gargoylesoftware.htmlunit.html.HtmlPage.getFocusedElement(), public com.gargoylesoftware.htmlunit.html.HtmlForm com.gargoylesoftware.htmlunit.html.HtmlPage.getFormByName(java.lang.String) throws com.gargoylesoftware.htmlunit.ElementNotFoundException, public java.util.List com.gargoylesoftware.htmlunit.html.HtmlPage.getForms(), public com.gargoylesoftware.htmlunit.html.FrameWindow com.gargoylesoftware.htmlunit.html.HtmlPage.getFrameByName(java.lang.String) throws com.gargoylesoftware.htmlunit.ElementNotFoundException, public java.util.List com.gargoylesoftware.htmlunit.html.HtmlPage.getFrames(), public java.net.URL com.gargoylesoftware.htmlunit.html.HtmlPage.getFullyQualifiedUrl(java.lang.String) throws java.net.MalformedURLException, public com.gargoylesoftware.htmlunit.html.HtmlElement com.gargoylesoftware.htmlunit.html.HtmlPage.getHtmlElementByAccessKey(char), public com.gargoylesoftware.htmlunit.html.HtmlElement com.gargoylesoftware.htmlunit.html.HtmlPage.getHtmlElementById(java.lang.String) throws com.gargoylesoftware.htmlunit.ElementNotFoundException, public java.util.List com.gargoylesoftware.htmlunit.html.HtmlPage.getHtmlElementsByAccessKey(char), public java.util.List com.gargoylesoftware.htmlunit.html.HtmlPage.getHtmlElementsByIdAndOrName(java.lang.String), public java.util.List com.gargoylesoftware.htmlunit.html.HtmlPage.getHtmlElementsByName(java.lang.String), public org.w3c.dom.DOMImplementation com.gargoylesoftware.htmlunit.html.HtmlPage.getImplementation(), public java.lang.String com.gargoylesoftware.htmlunit.html.HtmlPage.getInputEncoding(), public java.util.Map com.gargoylesoftware.htmlunit.html.HtmlPage.getNamespaces(), public org.w3c.dom.Document com.gargoylesoftware.htmlunit.html.HtmlPage.getOwnerDocument(), public volatile com.gargoylesoftware.htmlunit.SgmlPage com.gargoylesoftware.htmlunit.html.HtmlPage.getPage(), public com.gargoylesoftware.htmlunit.html.HtmlPage com.gargoylesoftware.htmlunit.html.HtmlPage.getPage(), public java.lang.String com.gargoylesoftware.htmlunit.html.HtmlPage.getPageEncoding(), public java.lang.String com.gargoylesoftware.htmlunit.html.HtmlPage.getResolvedTarget(java.lang.String), public org.w3c.dom.ranges.Range com.gargoylesoftware.htmlunit.html.HtmlPage.getSelection(), public boolean com.gargoylesoftware.htmlunit.html.HtmlPage.getStrictErrorChecking(), public java.util.List com.gargoylesoftware.htmlunit.html.HtmlPage.getTabbableElementIds(), public java.util.List com.gargoylesoftware.htmlunit.html.HtmlPage.getTabbableElements(), public java.lang.String com.gargoylesoftware.htmlunit.html.HtmlPage.getTitleText(), public java.lang.String com.gargoylesoftware.htmlunit.html.HtmlPage.getXmlEncoding(), public boolean com.gargoylesoftware.htmlunit.html.HtmlPage.getXmlStandalone(), public java.lang.String com.gargoylesoftware.htmlunit.html.HtmlPage.getXmlVersion(), public boolean com.gargoylesoftware.htmlunit.html.HtmlPage.hasCaseSensitiveTagNames(), public org.w3c.dom.Node com.gargoylesoftware.htmlunit.html.HtmlPage.importNode(org.w3c.dom.Node,boolean), public void com.gargoylesoftware.htmlunit.html.HtmlPage.initialize() throws java.io.IOException,com.gargoylesoftware.htmlunit.FailingHttpStatusCodeException, public boolean com.gargoylesoftware.htmlunit.html.HtmlPage.isBeingParsed(), public static boolean com.gargoylesoftware.htmlunit.html.HtmlPage.isJavaScript(java.lang.String,java.lang.String), public boolean com.gargoylesoftware.htmlunit.html.HtmlPage.isOnbeforeunloadAccepted(), public void com.gargoylesoftware.htmlunit.html.HtmlPage.normalizeDocument(), public com.gargoylesoftware.htmlunit.html.HtmlElement com.gargoylesoftware.htmlunit.html.HtmlPage.pressAccessKey(char) throws java.io.IOException, public com.gargoylesoftware.htmlunit.Page com.gargoylesoftware.htmlunit.html.HtmlPage.refresh() throws java.io.IOException, public void com.gargoylesoftware.htmlunit.html.HtmlPage.removeHtmlAttributeChangeListener(com.gargoylesoftware.htmlunit.html.HtmlAttributeChangeListener), public org.w3c.dom.Node com.gargoylesoftware.htmlunit.html.HtmlPage.renameNode(org.w3c.dom.Node,java.lang.String,java.lang.String) throws org.w3c.dom.DOMException, public void com.gargoylesoftware.htmlunit.html.HtmlPage.setDocumentURI(java.lang.String), public boolean com.gargoylesoftware.htmlunit.html.HtmlPage.setFocusedElement(com.gargoylesoftware.htmlunit.html.HtmlElement), public boolean com.gargoylesoftware.htmlunit.html.HtmlPage.setFocusedElement(com.gargoylesoftware.htmlunit.html.HtmlElement,boolean), public void com.gargoylesoftware.htmlunit.html.HtmlPage.setStrictErrorChecking(boolean), public void com.gargoylesoftware.htmlunit.html.HtmlPage.setTitleText(java.lang.String), public void com.gargoylesoftware.htmlunit.html.HtmlPage.setXmlStandalone(boolean) throws org.w3c.dom.DOMException, public void com.gargoylesoftware.htmlunit.html.HtmlPage.setXmlVersion(java.lang.String) throws org.w3c.dom.DOMException, public com.gargoylesoftware.htmlunit.html.HtmlElement com.gargoylesoftware.htmlunit.html.HtmlPage.tabToNextElement(), public com.gargoylesoftware.htmlunit.html.HtmlElement com.gargoylesoftware.htmlunit.html.HtmlPage.tabToPreviousElement(), public java.lang.String com.gargoylesoftware.htmlunit.html.HtmlPage.toString(), public void com.gargoylesoftware.htmlunit.html.HtmlPage.writeInParsedStream(java.lang.String)] size=188 modCount=2>
Setting value to [Glenn Saqui] on field [name:runner id:runner] of form []
Changed attribute value to  on tag [input] (id: DomAttr[name=id value=runner] / name: DomAttr[name=name value=runner])
Setting value to [2] on field [name:time_hours id:time_hours] of form []
Changed attribute value to 0 on tag [input] (id: DomAttr[name=id value=time_hours] / name: DomAttr[name=name value=time_hours])
Setting value to [36] on field [name:time_minutes id:time_minutes] of form []
Changed attribute value to 0 on tag [input] (id: DomAttr[name=id value=time_minutes] / name: DomAttr[name=name value=time_minutes])
Setting value to [51] on field [name:time_seconds id:time_seconds] of form []
Changed attribute value to 0 on tag [input] (id: DomAttr[name=id value=time_seconds] / name: DomAttr[name=name value=time_seconds])
Clicked [Create] which resolved to a [class com.gargoylesoftware.htmlunit.html.HtmlSubmitInput]
Content of web window [TopLevelWindow[name=""]] changed
<<<<<<<<<<<<<<<<<<<< Received response from POST http://localhost:8080/joda-time-test/marathon/save <<<<<<<<<<<<<<<<<<<<
Response was a redirect to http://localhost:8080/joda-time-test/marathon/show/3 <<<<<<<<<<<<<<<<<<<<
Response was 302 'Moved Temporarily', headers:
========================================
Server: Apache-Coyote/1.1
Set-Cookie: JSESSIONID=64BED628616289265D9DCBCEF5DE3789; Path=/joda-time-test
Location: http://localhost:8080/joda-time-test/marathon/show/3
Content-Length: 0
Date: Wed, 19 Aug 2009 20:24:17 GMT
========================================
Content
========================================

========================================

#Following redirect to http://localhost:8080/joda-time-test/marathon/show/3


>>>>>>>>>>>>>>>>>>>> Making request to http://localhost:8080/joda-time-test/marathon/show/3 using method GET >>>>>>>>>>>>>>>>>>>>
Initializing web request settings for http://localhost:8080/joda-time-test/marathon/show/3
Request parameters:
========================================
========================================
Request headers:
========================================
Accept-Language: en
Accept: */*
========================================
Content of web window [TopLevelWindow[name=""]] changed
<<<<<<<<<<<<<<<<<<<< Received response from GET http://localhost:8080/joda-time-test/marathon/show/3 <<<<<<<<<<<<<<<<<<<<
Response was 200 'OK', headers:
========================================
Server: Apache-Coyote/1.1
Content-Type: text/html;charset=UTF-8
Content-Language: en
Transfer-Encoding: chunked
Date: Wed, 19 Aug 2009 20:24:17 GMT
========================================
Content
========================================
<html>
    <head>
        <title>Show Marathon</title>
        <link rel="stylesheet" href="/joda-time-test/css/main.css" />
        <link rel="shortcut icon" href="/joda-time-test/images/favicon.ico" type="image/x-icon" />
        
        <meta http-equiv="Content-Type" content="text/html; charset=UTF-8"/>
        <meta name="layout" content="main" />
        
        
    
        <script type="text/javascript" src="/joda-time-test/js/application.js"></script>

    </head>
    <body>
        <div id="spinner" class="spinner" style="display:none;">
            <img src="/joda-time-test/images/spinner.gif" alt="Spinner" />
        </div>
        <div id="grailsLogo" class="logo"><a href="http://grails.org"><img src="/joda-time-test/images/grails_logo.png" alt="Grails" border="0" /></a></div>
        
        <div class="nav">
            <span class="menuButton"><a class="home" href="/joda-time-test">Home</a></span>
            <span class="menuButton"><a href="/joda-time-test/marathon/list" class="list">Marathon List</a></span>
            <span class="menuButton"><a href="/joda-time-test/marathon/create" class="create">New Marathon</a></span>
        </div>
        <div class="body">
            <h1>Show Marathon</h1>
            
            <div class="message">Marathon 3 created</div>
            
            <div class="dialog">
                <table>
                    <tbody>

                    
                        <tr class="prop">
                            <td valign="top" class="name">
                               Id:
                            </td>
                            
                            <td valign="top" class="value">3</td>
                            
                        </tr>
                    
                        <tr class="prop">
                            <td valign="top" class="name">
                               Runner:
                            </td>
                            
                            <td valign="top" class="value">Glenn Saqui</td>
                            
                        </tr>
                    
                        <tr class="prop">
                            <td valign="top" class="name">
                               Time:
                            </td>
                            
                            <td valign="top" class="value">2 hours, 36 minutes and 51 seconds</td>
                            
                        </tr>
                    
                    </tbody>
                </table>
            </div>
            <div class="buttons">
                <form action="/joda-time-test/marathon" method="post" >
                    <input type="hidden" name="id" value="3" />
                    <span class="button"><input type="submit" name="_action_Edit" value="Edit" class="edit" /></span>
                    <span class="button"><input type="submit" name="_action_Delete" value="Delete" class="delete" onclick="return confirm('Are you sure?');" /></span>
                </form>
            </div>
        </div>
    
    </body>
</html>
========================================

#--Output from testShow--


>>>>>>>>>>>>>>>>>>>> Making request to /marathon/show/4 using method GET >>>>>>>>>>>>>>>>>>>>
Initializing web request settings for http://localhost:8080/joda-time-test/marathon/show/4
Request parameters:
========================================
========================================
Request headers:
========================================
Accept-Language: en
Accept: */*
========================================
Content of web window [TopLevelWindow[name=""]] changed
<<<<<<<<<<<<<<<<<<<< Received response from GET http://localhost:8080/joda-time-test/marathon/show/4 <<<<<<<<<<<<<<<<<<<<
Response was 200 'OK', headers:
========================================
Server: Apache-Coyote/1.1
Content-Type: text/html;charset=UTF-8
Content-Language: en
Transfer-Encoding: chunked
Date: Wed, 19 Aug 2009 20:24:19 GMT
========================================
Content
========================================
<html>
    <head>
        <title>Show Marathon</title>
        <link rel="stylesheet" href="/joda-time-test/css/main.css" />
        <link rel="shortcut icon" href="/joda-time-test/images/favicon.ico" type="image/x-icon" />
        
        <meta http-equiv="Content-Type" content="text/html; charset=UTF-8"/>
        <meta name="layout" content="main" />
        
        
    
        <script type="text/javascript" src="/joda-time-test/js/application.js"></script>

    </head>
    <body>
        <div id="spinner" class="spinner" style="display:none;">
            <img src="/joda-time-test/images/spinner.gif" alt="Spinner" />
        </div>
        <div id="grailsLogo" class="logo"><a href="http://grails.org"><img src="/joda-time-test/images/grails_logo.png" alt="Grails" border="0" /></a></div>
        
        <div class="nav">
            <span class="menuButton"><a class="home" href="/joda-time-test">Home</a></span>
            <span class="menuButton"><a href="/joda-time-test/marathon/list" class="list">Marathon List</a></span>
            <span class="menuButton"><a href="/joda-time-test/marathon/create" class="create">New Marathon</a></span>
        </div>
        <div class="body">
            <h1>Show Marathon</h1>
            
            <div class="dialog">
                <table>
                    <tbody>

                    
                        <tr class="prop">
                            <td valign="top" class="name">
                               Id:
                            </td>
                            
                            <td valign="top" class="value">4</td>
                            
                        </tr>
                    
                        <tr class="prop">
                            <td valign="top" class="name">
                               Runner:
                            </td>
                            
                            <td valign="top" class="value">Haile Gebrselassie</td>
                            
                        </tr>
                    
                        <tr class="prop">
                            <td valign="top" class="name">
                               Time:
                            </td>
                            
                            <td valign="top" class="value">2 hours, 3 minutes and 59 seconds</td>
                            
                        </tr>
                    
                    </tbody>
                </table>
            </div>
            <div class="buttons">
                <form action="/joda-time-test/marathon" method="post" >
                    <input type="hidden" name="id" value="4" />
                    <span class="button"><input type="submit" name="_action_Edit" value="Edit" class="edit" /></span>
                    <span class="button"><input type="submit" name="_action_Delete" value="Delete" class="delete" onclick="return confirm('Are you sure?');" /></span>
                </form>
            </div>
        </div>
    
    </body>
</html>
========================================

#--Output from testEdit--


>>>>>>>>>>>>>>>>>>>> Making request to /marathon/edit/5 using method GET >>>>>>>>>>>>>>>>>>>>
Initializing web request settings for http://localhost:8080/joda-time-test/marathon/edit/5
Request parameters:
========================================
========================================
Request headers:
========================================
Accept-Language: en
Accept: */*
========================================
Content of web window [TopLevelWindow[name=""]] changed
<<<<<<<<<<<<<<<<<<<< Received response from GET http://localhost:8080/joda-time-test/marathon/edit/5 <<<<<<<<<<<<<<<<<<<<
Response was 200 'OK', headers:
========================================
Server: Apache-Coyote/1.1
Content-Type: text/html;charset=UTF-8
Content-Language: en
Transfer-Encoding: chunked
Date: Wed, 19 Aug 2009 20:24:19 GMT
========================================
Content
========================================
<html>
    <head>
        <title>Edit Marathon</title>
        <link rel="stylesheet" href="/joda-time-test/css/main.css" />
        <link rel="shortcut icon" href="/joda-time-test/images/favicon.ico" type="image/x-icon" />
        
        <meta http-equiv="Content-Type" content="text/html; charset=UTF-8"/>
        <meta name="layout" content="main" />
        
        
    
        <script type="text/javascript" src="/joda-time-test/js/application.js"></script>

    </head>
    <body>
        <div id="spinner" class="spinner" style="display:none;">
            <img src="/joda-time-test/images/spinner.gif" alt="Spinner" />
        </div>
        <div id="grailsLogo" class="logo"><a href="http://grails.org"><img src="/joda-time-test/images/grails_logo.png" alt="Grails" border="0" /></a></div>
        
        <div class="nav">
            <span class="menuButton"><a class="home" href="/joda-time-test">Home</a></span>
            <span class="menuButton"><a href="/joda-time-test/marathon/list" class="list">Marathon List</a></span>
            <span class="menuButton"><a href="/joda-time-test/marathon/create" class="create">New Marathon</a></span>
        </div>
        <div class="body">
            <h1>Edit Marathon</h1>
            
            
            <form action="/joda-time-test/marathon" method="post" >
                <input type="hidden" name="id" value="5" />
                <input type="hidden" name="version" value="2" />
                <div class="dialog">
                    <table>
                        <tbody>
                        
                            <tr class="prop">
                                <td valign="top" class="name">
                                  <label for="runner">
                                    Runner
                                  </label>

                                </td>
                                <td valign="top" class="value ">
                                    <input type="text" id="runner" name="runner" value="Haile Gebrselassie"/>
                                </td>
                            </tr> 
                        
                            <tr class="prop">
                                <td valign="top" class="name">
                                  <label for="time">
                                    Time
                                  </label>

                                </td>
                                <td valign="top" class="value ">
                                    <input type="hidden" name="time" value="struct" /><label for="time_hours"><input type="text" name="time_hours" id="time_hours" value="2" size="1"/>&nbsp;hours </label><label for="time_minutes"><input type="text" name="time_minutes" id="time_minutes" value="3" size="1"/>&nbsp;minutes </label><label for="time_seconds"><input type="text" name="time_seconds" id="time_seconds" value="59" size="1"/>&nbsp;seconds </label>
                                </td>
                            </tr> 
                        
                        </tbody>
                    </table>
                </div>
                <div class="buttons">
                    <span class="button"><input type="submit" name="_action_Update" value="Update" class="save" /></span>
                    <span class="button"><input type="submit" name="_action_Delete" value="Delete" class="delete" onclick="return confirm('Are you sure?');" /></span>
                </div>
            </form>
        </div>
    
    </body>
</html>
========================================

#Meta methods of page: <java.util.ArrayList@d04decc2 elementData=[org.codehaus.groovy.runtime.metaclass.ClosureMetaMethod@11aca0[name: getForms params: [] returns: class java.lang.Object owner: class com.gargoylesoftware.htmlunit.html.HtmlPage], public boolean java.lang.Object.equals(java.lang.Object), public final native java.lang.Class java.lang.Object.getClass(), public native int java.lang.Object.hashCode(), public final native void java.lang.Object.notify(), public final native void java.lang.Object.notifyAll(), public java.lang.String java.lang.Object.toString(), public final void java.lang.Object.wait() throws java.lang.InterruptedException, public final native void java.lang.Object.wait(long) throws java.lang.InterruptedException, public final void java.lang.Object.wait(long,int) throws java.lang.InterruptedException, public void com.gargoylesoftware.htmlunit.html.DomNode.addDomChangeListener(com.gargoylesoftware.htmlunit.html.DomChangeListener), public com.gargoylesoftware.htmlunit.html.DomNode com.gargoylesoftware.htmlunit.html.DomNode.appendChild(org.w3c.dom.Node), public volatile org.w3c.dom.Node com.gargoylesoftware.htmlunit.html.DomNode.appendChild(org.w3c.dom.Node) throws org.w3c.dom.DOMException, public java.lang.String com.gargoylesoftware.htmlunit.html.DomNode.asText(), public java.lang.String com.gargoylesoftware.htmlunit.html.DomNode.asXml(), public com.gargoylesoftware.htmlunit.html.DomNode com.gargoylesoftware.htmlunit.html.DomNode.cloneNode(boolean), public volatile org.w3c.dom.Node com.gargoylesoftware.htmlunit.html.DomNode.cloneNode(boolean), public short com.gargoylesoftware.htmlunit.html.DomNode.compareDocumentPosition(org.w3c.dom.Node), public final java.lang.Iterable com.gargoylesoftware.htmlunit.html.DomNode.getAllHtmlChildElements(), public org.w3c.dom.NamedNodeMap com.gargoylesoftware.htmlunit.html.DomNode.getAttributes(), public java.lang.String com.gargoylesoftware.htmlunit.html.DomNode.getBaseURI(), public java.util.List com.gargoylesoftware.htmlunit.html.DomNode.getByXPath(java.lang.String), public java.lang.String com.gargoylesoftware.htmlunit.html.DomNode.getCanonicalXPath(), public org.w3c.dom.NodeList com.gargoylesoftware.htmlunit.html.DomNode.getChildNodes(), public final java.lang.Iterable com.gargoylesoftware.htmlunit.html.DomNode.getChildren(), public int com.gargoylesoftware.htmlunit.html.DomNode.getEndColumnNumber(), public int com.gargoylesoftware.htmlunit.html.DomNode.getEndLineNumber(), public java.lang.Object com.gargoylesoftware.htmlunit.html.DomNode.getFeature(java.lang.String,java.lang.String), public java.lang.Object com.gargoylesoftware.htmlunit.html.DomNode.getFirstByXPath(java.lang.String), public com.gargoylesoftware.htmlunit.html.DomNode com.gargoylesoftware.htmlunit.html.DomNode.getFirstChild(), public volatile org.w3c.dom.Node com.gargoylesoftware.htmlunit.html.DomNode.getFirstChild(), public com.gargoylesoftware.htmlunit.html.DomNode com.gargoylesoftware.htmlunit.html.DomNode.getLastChild(), public volatile org.w3c.dom.Node com.gargoylesoftware.htmlunit.html.DomNode.getLastChild(), public java.lang.String com.gargoylesoftware.htmlunit.html.DomNode.getLocalName(), public java.lang.String com.gargoylesoftware.htmlunit.html.DomNode.getNamespaceURI(), public com.gargoylesoftware.htmlunit.html.DomNode com.gargoylesoftware.htmlunit.html.DomNode.getNextSibling(), public volatile org.w3c.dom.Node com.gargoylesoftware.htmlunit.html.DomNode.getNextSibling(), public abstract java.lang.String com.gargoylesoftware.htmlunit.html.DomNode.getNodeName(), public abstract short com.gargoylesoftware.htmlunit.html.DomNode.getNodeType(), public java.lang.String com.gargoylesoftware.htmlunit.html.DomNode.getNodeValue(), public org.w3c.dom.Document com.gargoylesoftware.htmlunit.html.DomNode.getOwnerDocument(), public com.gargoylesoftware.htmlunit.SgmlPage com.gargoylesoftware.htmlunit.html.DomNode.getPage(), public com.gargoylesoftware.htmlunit.html.DomNode com.gargoylesoftware.htmlunit.html.DomNode.getParentNode(), public volatile org.w3c.dom.Node com.gargoylesoftware.htmlunit.html.DomNode.getParentNode(), public java.lang.String com.gargoylesoftware.htmlunit.html.DomNode.getPrefix(), public com.gargoylesoftware.htmlunit.html.DomNode com.gargoylesoftware.htmlunit.html.DomNode.getPreviousSibling(), public volatile org.w3c.dom.Node com.gargoylesoftware.htmlunit.html.DomNode.getPreviousSibling(), public java.lang.String com.gargoylesoftware.htmlunit.html.DomNode.getReadyState(), public net.sourceforge.htmlunit.corejs.javascript.ScriptableObject com.gargoylesoftware.htmlunit.html.DomNode.getScriptObject(), public int com.gargoylesoftware.htmlunit.html.DomNode.getStartColumnNumber(), public int com.gargoylesoftware.htmlunit.html.DomNode.getStartLineNumber(), public java.lang.String com.gargoylesoftware.htmlunit.html.DomNode.getTextContent(), public java.lang.Object com.gargoylesoftware.htmlunit.html.DomNode.getUserData(java.lang.String), public boolean com.gargoylesoftware.htmlunit.html.DomNode.hasAttributes(), public boolean com.gargoylesoftware.htmlunit.html.DomNode.hasChildNodes(), public org.w3c.dom.Node com.gargoylesoftware.htmlunit.html.DomNode.insertBefore(org.w3c.dom.Node,org.w3c.dom.Node), public void com.gargoylesoftware.htmlunit.html.DomNode.insertBefore(com.gargoylesoftware.htmlunit.html.DomNode) throws java.lang.IllegalStateException, public boolean com.gargoylesoftware.htmlunit.html.DomNode.isAncestorOf(com.gargoylesoftware.htmlunit.html.DomNode), public boolean com.gargoylesoftware.htmlunit.html.DomNode.isDefaultNamespace(java.lang.String), public boolean com.gargoylesoftware.htmlunit.html.DomNode.isDisplayed(), public boolean com.gargoylesoftware.htmlunit.html.DomNode.isEqualNode(org.w3c.dom.Node), public boolean com.gargoylesoftware.htmlunit.html.DomNode.isSameNode(org.w3c.dom.Node), public boolean com.gargoylesoftware.htmlunit.html.DomNode.isSupported(java.lang.String,java.lang.String), public java.lang.String com.gargoylesoftware.htmlunit.html.DomNode.lookupNamespaceURI(java.lang.String), public java.lang.String com.gargoylesoftware.htmlunit.html.DomNode.lookupPrefix(java.lang.String), public void com.gargoylesoftware.htmlunit.html.DomNode.normalize(), public void com.gargoylesoftware.htmlunit.html.DomNode.remove(), public void com.gargoylesoftware.htmlunit.html.DomNode.removeAllChildren(), public org.w3c.dom.Node com.gargoylesoftware.htmlunit.html.DomNode.removeChild(org.w3c.dom.Node), public void com.gargoylesoftware.htmlunit.html.DomNode.removeDomChangeListener(com.gargoylesoftware.htmlunit.html.DomChangeListener), public void com.gargoylesoftware.htmlunit.html.DomNode.replace(com.gargoylesoftware.htmlunit.html.DomNode) throws java.lang.IllegalStateException, public org.w3c.dom.Node com.gargoylesoftware.htmlunit.html.DomNode.replaceChild(org.w3c.dom.Node,org.w3c.dom.Node), public void com.gargoylesoftware.htmlunit.html.DomNode.setNodeValue(java.lang.String), public void com.gargoylesoftware.htmlunit.html.DomNode.setPrefix(java.lang.String), public void com.gargoylesoftware.htmlunit.html.DomNode.setReadyState(java.lang.String), public void com.gargoylesoftware.htmlunit.html.DomNode.setScriptObject(net.sourceforge.htmlunit.corejs.javascript.ScriptableObject), public void com.gargoylesoftware.htmlunit.html.DomNode.setTextContent(java.lang.String), public java.lang.Object com.gargoylesoftware.htmlunit.html.DomNode.setUserData(java.lang.String,java.lang.Object,org.w3c.dom.UserDataHandler), public java.lang.String com.gargoylesoftware.htmlunit.SgmlPage.asXml(), public void com.gargoylesoftware.htmlunit.SgmlPage.cleanUp() throws java.io.IOException, public com.gargoylesoftware.htmlunit.html.DomDocumentFragment com.gargoylesoftware.htmlunit.SgmlPage.createDomDocumentFragment(), public abstract org.w3c.dom.Element com.gargoylesoftware.htmlunit.SgmlPage.createElement(java.lang.String), public abstract org.w3c.dom.Element com.gargoylesoftware.htmlunit.SgmlPage.createElementNS(java.lang.String,java.lang.String), public final org.w3c.dom.DocumentType com.gargoylesoftware.htmlunit.SgmlPage.getDoctype(), public com.gargoylesoftware.htmlunit.html.DomElement com.gargoylesoftware.htmlunit.SgmlPage.getDocumentElement(), public volatile org.w3c.dom.Element com.gargoylesoftware.htmlunit.SgmlPage.getDocumentElement(), public com.gargoylesoftware.htmlunit.WebWindow com.gargoylesoftware.htmlunit.SgmlPage.getEnclosingWindow(), public java.lang.String com.gargoylesoftware.htmlunit.SgmlPage.getNodeName(), public short com.gargoylesoftware.htmlunit.SgmlPage.getNodeType(), public com.gargoylesoftware.htmlunit.SgmlPage com.gargoylesoftware.htmlunit.SgmlPage.getPage(), public abstract java.lang.String com.gargoylesoftware.htmlunit.SgmlPage.getPageEncoding(), public com.gargoylesoftware.htmlunit.WebClient com.gargoylesoftware.htmlunit.SgmlPage.getWebClient(), public com.gargoylesoftware.htmlunit.WebResponse com.gargoylesoftware.htmlunit.SgmlPage.getWebResponse(), public abstract boolean com.gargoylesoftware.htmlunit.SgmlPage.hasCaseSensitiveTagNames(), public void com.gargoylesoftware.htmlunit.SgmlPage.initialize() throws java.io.IOException, public void com.gargoylesoftware.htmlunit.SgmlPage.setEnclosingWindow(com.gargoylesoftware.htmlunit.WebWindow), public void com.gargoylesoftware.htmlunit.html.HtmlPage.addHtmlAttributeChangeListener(com.gargoylesoftware.htmlunit.html.HtmlAttributeChangeListener), public org.w3c.dom.Node com.gargoylesoftware.htmlunit.html.HtmlPage.adoptNode(org.w3c.dom.Node) throws org.w3c.dom.DOMException, public void com.gargoylesoftware.htmlunit.html.HtmlPage.cleanUp(), public volatile com.gargoylesoftware.htmlunit.html.DomNode com.gargoylesoftware.htmlunit.html.HtmlPage.cloneNode(boolean), public com.gargoylesoftware.htmlunit.html.HtmlPage com.gargoylesoftware.htmlunit.html.HtmlPage.cloneNode(boolean), public volatile org.w3c.dom.Node com.gargoylesoftware.htmlunit.html.HtmlPage.cloneNode(boolean), public org.w3c.dom.Attr com.gargoylesoftware.htmlunit.html.HtmlPage.createAttribute(java.lang.String), public org.w3c.dom.Attr com.gargoylesoftware.htmlunit.html.HtmlPage.createAttributeNS(java.lang.String,java.lang.String), public org.w3c.dom.CDATASection com.gargoylesoftware.htmlunit.html.HtmlPage.createCDATASection(java.lang.String), public org.w3c.dom.Comment com.gargoylesoftware.htmlunit.html.HtmlPage.createComment(java.lang.String), public org.w3c.dom.DocumentFragment com.gargoylesoftware.htmlunit.html.HtmlPage.createDocumentFragment(), public com.gargoylesoftware.htmlunit.html.HtmlElement com.gargoylesoftware.htmlunit.html.HtmlPage.createElement(java.lang.String), public volatile org.w3c.dom.Element com.gargoylesoftware.htmlunit.html.HtmlPage.createElement(java.lang.String), public com.gargoylesoftware.htmlunit.html.HtmlElement com.gargoylesoftware.htmlunit.html.HtmlPage.createElementNS(java.lang.String,java.lang.String), public volatile org.w3c.dom.Element com.gargoylesoftware.htmlunit.html.HtmlPage.createElementNS(java.lang.String,java.lang.String), public org.w3c.dom.EntityReference com.gargoylesoftware.htmlunit.html.HtmlPage.createEntityReference(java.lang.String), public com.gargoylesoftware.htmlunit.html.HtmlElement com.gargoylesoftware.htmlunit.html.HtmlPage.createHtmlElement(java.lang.String), public com.gargoylesoftware.htmlunit.html.HtmlElement com.gargoylesoftware.htmlunit.html.HtmlPage.createHtmlElementNS(java.lang.String,java.lang.String), public org.w3c.dom.ProcessingInstruction com.gargoylesoftware.htmlunit.html.HtmlPage.createProcessingInstruction(java.lang.String,java.lang.String), public org.w3c.dom.Text com.gargoylesoftware.htmlunit.html.HtmlPage.createTextNode(java.lang.String), public void com.gargoylesoftware.htmlunit.html.HtmlPage.deregisterFramesIfNeeded(), public com.gargoylesoftware.htmlunit.ScriptResult com.gargoylesoftware.htmlunit.html.HtmlPage.executeJavaScript(java.lang.String), public com.gargoylesoftware.htmlunit.ScriptResult com.gargoylesoftware.htmlunit.html.HtmlPage.executeJavaScriptFunctionIfPossible(net.sourceforge.htmlunit.corejs.javascript.Function,net.sourceforge.htmlunit.corejs.javascript.Scriptable,java.lang.Object[],com.gargoylesoftware.htmlunit.html.DomNode), public com.gargoylesoftware.htmlunit.ScriptResult com.gargoylesoftware.htmlunit.html.HtmlPage.executeJavaScriptIfPossible(java.lang.String,java.lang.String,int), public com.gargoylesoftware.htmlunit.html.HtmlAnchor com.gargoylesoftware.htmlunit.html.HtmlPage.getAnchorByHref(java.lang.String) throws com.gargoylesoftware.htmlunit.ElementNotFoundException, public com.gargoylesoftware.htmlunit.html.HtmlAnchor com.gargoylesoftware.htmlunit.html.HtmlPage.getAnchorByName(java.lang.String) throws com.gargoylesoftware.htmlunit.ElementNotFoundException, public java.util.List com.gargoylesoftware.htmlunit.html.HtmlPage.getAnchors(), public com.gargoylesoftware.htmlunit.html.HtmlElement com.gargoylesoftware.htmlunit.html.HtmlPage.getBody(), public volatile com.gargoylesoftware.htmlunit.html.DomElement com.gargoylesoftware.htmlunit.html.HtmlPage.getDocumentElement(), public com.gargoylesoftware.htmlunit.html.HtmlElement com.gargoylesoftware.htmlunit.html.HtmlPage.getDocumentElement(), public volatile org.w3c.dom.Element com.gargoylesoftware.htmlunit.html.HtmlPage.getDocumentElement(), public java.lang.String com.gargoylesoftware.htmlunit.html.HtmlPage.getDocumentURI(), public org.w3c.dom.DOMConfiguration com.gargoylesoftware.htmlunit.html.HtmlPage.getDomConfig(), public com.gargoylesoftware.htmlunit.html.HtmlElement com.gargoylesoftware.htmlunit.html.HtmlPage.getElementByAccessKey(char), public com.gargoylesoftware.htmlunit.html.HtmlElement com.gargoylesoftware.htmlunit.html.HtmlPage.getElementById(java.lang.String), public volatile org.w3c.dom.Element com.gargoylesoftware.htmlunit.html.HtmlPage.getElementById(java.lang.String), public com.gargoylesoftware.htmlunit.html.HtmlElement com.gargoylesoftware.htmlunit.html.HtmlPage.getElementByName(java.lang.String) throws com.gargoylesoftware.htmlunit.ElementNotFoundException, public java.util.List com.gargoylesoftware.htmlunit.html.HtmlPage.getElementsByAccessKey(char), public java.util.List com.gargoylesoftware.htmlunit.html.HtmlPage.getElementsByIdAndOrName(java.lang.String), public java.util.List com.gargoylesoftware.htmlunit.html.HtmlPage.getElementsByName(java.lang.String), public org.w3c.dom.NodeList com.gargoylesoftware.htmlunit.html.HtmlPage.getElementsByTagName(java.lang.Str
[...]
.html.HtmlPage.getDocumentURI(), public org.w3c.dom.DOMConfiguration com.gargoylesoftware.htmlunit.html.HtmlPage.getDomConfig(), public com.gargoylesoftware.htmlunit.html.HtmlElement com.gargoylesoftware.htmlunit.html.HtmlPage.getElementByAccessKey(char), public com.gargoylesoftware.htmlunit.html.HtmlElement com.gargoylesoftware.htmlunit.html.HtmlPage.getElementById(java.lang.String), public volatile org.w3c.dom.Element com.gargoylesoftware.htmlunit.html.HtmlPage.getElementById(java.lang.String), public com.gargoylesoftware.htmlunit.html.HtmlElement com.gargoylesoftware.htmlunit.html.HtmlPage.getElementByName(java.lang.String) throws com.gargoylesoftware.htmlunit.ElementNotFoundException, public java.util.List com.gargoylesoftware.htmlunit.html.HtmlPage.getElementsByAccessKey(char), public java.util.List com.gargoylesoftware.htmlunit.html.HtmlPage.getElementsByIdAndOrName(java.lang.String), public java.util.List com.gargoylesoftware.htmlunit.html.HtmlPage.getElementsByName(java.lang.String), public org.w3c.dom.NodeList com.gargoylesoftware.htmlunit.html.HtmlPage.getElementsByTagName(java.lang.String), public org.w3c.dom.NodeList com.gargoylesoftware.htmlunit.html.HtmlPage.getElementsByTagNameNS(java.lang.String,java.lang.String), public com.gargoylesoftware.htmlunit.html.HtmlAnchor com.gargoylesoftware.htmlunit.html.HtmlPage.getFirstAnchorByText(java.lang.String) throws com.gargoylesoftware.htmlunit.ElementNotFoundException, public com.gargoylesoftware.htmlunit.html.HtmlElement com.gargoylesoftware.htmlunit.html.HtmlPage.getFocusedElement(), public com.gargoylesoftware.htmlunit.html.HtmlForm com.gargoylesoftware.htmlunit.html.HtmlPage.getFormByName(java.lang.String) throws com.gargoylesoftware.htmlunit.ElementNotFoundException, public java.util.List com.gargoylesoftware.htmlunit.html.HtmlPage.getForms(), public com.gargoylesoftware.htmlunit.html.FrameWindow com.gargoylesoftware.htmlunit.html.HtmlPage.getFrameByName(java.lang.String) throws com.gargoylesoftware.htmlunit.ElementNotFoundException, public java.util.List com.gargoylesoftware.htmlunit.html.HtmlPage.getFrames(), public java.net.URL com.gargoylesoftware.htmlunit.html.HtmlPage.getFullyQualifiedUrl(java.lang.String) throws java.net.MalformedURLException, public com.gargoylesoftware.htmlunit.html.HtmlElement com.gargoylesoftware.htmlunit.html.HtmlPage.getHtmlElementByAccessKey(char), public com.gargoylesoftware.htmlunit.html.HtmlElement com.gargoylesoftware.htmlunit.html.HtmlPage.getHtmlElementById(java.lang.String) throws com.gargoylesoftware.htmlunit.ElementNotFoundException, public java.util.List com.gargoylesoftware.htmlunit.html.HtmlPage.getHtmlElementsByAccessKey(char), public java.util.List com.gargoylesoftware.htmlunit.html.HtmlPage.getHtmlElementsByIdAndOrName(java.lang.String), public java.util.List com.gargoylesoftware.htmlunit.html.HtmlPage.getHtmlElementsByName(java.lang.String), public org.w3c.dom.DOMImplementation com.gargoylesoftware.htmlunit.html.HtmlPage.getImplementation(), public java.lang.String com.gargoylesoftware.htmlunit.html.HtmlPage.getInputEncoding(), public java.util.Map com.gargoylesoftware.htmlunit.html.HtmlPage.getNamespaces(), public org.w3c.dom.Document com.gargoylesoftware.htmlunit.html.HtmlPage.getOwnerDocument(), public volatile com.gargoylesoftware.htmlunit.SgmlPage com.gargoylesoftware.htmlunit.html.HtmlPage.getPage(), public com.gargoylesoftware.htmlunit.html.HtmlPage com.gargoylesoftware.htmlunit.html.HtmlPage.getPage(), public java.lang.String com.gargoylesoftware.htmlunit.html.HtmlPage.getPageEncoding(), public java.lang.String com.gargoylesoftware.htmlunit.html.HtmlPage.getResolvedTarget(java.lang.String), public org.w3c.dom.ranges.Range com.gargoylesoftware.htmlunit.html.HtmlPage.getSelection(), public boolean com.gargoylesoftware.htmlunit.html.HtmlPage.getStrictErrorChecking(), public java.util.List com.gargoylesoftware.htmlunit.html.HtmlPage.getTabbableElementIds(), public java.util.List com.gargoylesoftware.htmlunit.html.HtmlPage.getTabbableElements(), public java.lang.String com.gargoylesoftware.htmlunit.html.HtmlPage.getTitleText(), public java.lang.String com.gargoylesoftware.htmlunit.html.HtmlPage.getXmlEncoding(), public boolean com.gargoylesoftware.htmlunit.html.HtmlPage.getXmlStandalone(), public java.lang.String com.gargoylesoftware.htmlunit.html.HtmlPage.getXmlVersion(), public boolean com.gargoylesoftware.htmlunit.html.HtmlPage.hasCaseSensitiveTagNames(), public org.w3c.dom.Node com.gargoylesoftware.htmlunit.html.HtmlPage.importNode(org.w3c.dom.Node,boolean), public void com.gargoylesoftware.htmlunit.html.HtmlPage.initialize() throws java.io.IOException,com.gargoylesoftware.htmlunit.FailingHttpStatusCodeException, public boolean com.gargoylesoftware.htmlunit.html.HtmlPage.isBeingParsed(), public static boolean com.gargoylesoftware.htmlunit.html.HtmlPage.isJavaScript(java.lang.String,java.lang.String), public boolean com.gargoylesoftware.htmlunit.html.HtmlPage.isOnbeforeunloadAccepted(), public void com.gargoylesoftware.htmlunit.html.HtmlPage.normalizeDocument(), public com.gargoylesoftware.htmlunit.html.HtmlElement com.gargoylesoftware.htmlunit.html.HtmlPage.pressAccessKey(char) throws java.io.IOException, public com.gargoylesoftware.htmlunit.Page com.gargoylesoftware.htmlunit.html.HtmlPage.refresh() throws java.io.IOException, public void com.gargoylesoftware.htmlunit.html.HtmlPage.removeHtmlAttributeChangeListener(com.gargoylesoftware.htmlunit.html.HtmlAttributeChangeListener), public org.w3c.dom.Node com.gargoylesoftware.htmlunit.html.HtmlPage.renameNode(org.w3c.dom.Node,java.lang.String,java.lang.String) throws org.w3c.dom.DOMException, public void com.gargoylesoftware.htmlunit.html.HtmlPage.setDocumentURI(java.lang.String), public boolean com.gargoylesoftware.htmlunit.html.HtmlPage.setFocusedElement(com.gargoylesoftware.htmlunit.html.HtmlElement), public boolean com.gargoylesoftware.htmlunit.html.HtmlPage.setFocusedElement(com.gargoylesoftware.htmlunit.html.HtmlElement,boolean), public void com.gargoylesoftware.htmlunit.html.HtmlPage.setStrictErrorChecking(boolean), public void com.gargoylesoftware.htmlunit.html.HtmlPage.setTitleText(java.lang.String), public void com.gargoylesoftware.htmlunit.html.HtmlPage.setXmlStandalone(boolean) throws org.w3c.dom.DOMException, public void com.gargoylesoftware.htmlunit.html.HtmlPage.setXmlVersion(java.lang.String) throws org.w3c.dom.DOMException, public com.gargoylesoftware.htmlunit.html.HtmlElement com.gargoylesoftware.htmlunit.html.HtmlPage.tabToNextElement(), public com.gargoylesoftware.htmlunit.html.HtmlElement com.gargoylesoftware.htmlunit.html.HtmlPage.tabToPreviousElement(), public java.lang.String com.gargoylesoftware.htmlunit.html.HtmlPage.toString(), public void com.gargoylesoftware.htmlunit.html.HtmlPage.writeInParsedStream(java.lang.String)] size=188 modCount=2>
--Output from testListViewIsSortable--


>>>>>>>>>>>>>>>>>>>> Making request to /song/list using method GET >>>>>>>>>>>>>>>>>>>>
Initializing web request settings for http://localhost:8080/joda-time-test/song/list
Request parameters:
========================================
========================================
Request headers:
========================================
Accept-Language: en
Accept: */*
========================================
Content of web window [TopLevelWindow[name=""]] changed
<<<<<<<<<<<<<<<<<<<< Received response from GET http://localhost:8080/joda-time-test/song/list <<<<<<<<<<<<<<<<<<<<
Response was 200 'OK', headers:
========================================
Server: Apache-Coyote/1.1
Content-Type: text/html;charset=UTF-8
Content-Language: en
Transfer-Encoding: chunked
Date: Wed, 19 Aug 2009 20:24:35 GMT
========================================
Content
========================================
<html>
    <head>
        <title>Song List</title>
        <link rel="stylesheet" href="/joda-time-test/css/main.css" />
        <link rel="shortcut icon" href="/joda-time-test/images/favicon.ico" type="image/x-icon" />
        
        <meta http-equiv="Content-Type" content="text/html; charset=UTF-8"/>
        <meta name="layout" content="main" />
        
        
    
        <script type="text/javascript" src="/joda-time-test/js/application.js"></script>

    </head>
    <body>
        <div id="spinner" class="spinner" style="display:none;">
            <img src="/joda-time-test/images/spinner.gif" alt="Spinner" />
        </div>
        <div id="grailsLogo" class="logo"><a href="http://grails.org"><img src="/joda-time-test/images/grails_logo.png" alt="Grails" border="0" /></a></div>
        
        <div class="nav">
            <span class="menuButton"><a class="home" href="/joda-time-test">Home</a></span>
            <span class="menuButton"><a href="/joda-time-test/song/create" class="create">New Song</a></span>
        </div>
        <div class="body">
            <h1>Song List</h1>
            
            <div class="list">
                <table>
                    <thead>
                        <tr>
                        
                   	        <th class="sortable" ><a href="/joda-time-test/song/list?sort=id&amp;order=asc">Id</a></th>
                        
                   	        <th class="sortable" ><a href="/joda-time-test/song/list?sort=artist&amp;order=asc">Artist</a></th>
                        
                   	        <th class="sortable" ><a href="/joda-time-test/song/list?sort=title&amp;order=asc">Title</a></th>
                        
                   	        <th class="sortable" ><a href="/joda-time-test/song/list?sort=duration&amp;order=asc">Duration</a></th>
                        
                        </tr>
                    </thead>
                    <tbody>
                    
                        <tr class="odd">
                        
                            <td><a href="/joda-time-test/song/show/6">6</a></td>
                        
                            <td>La Roux</td>
                        
                            <td>Bulletproof</td>
                        
                            <td>3 minutes and 25 seconds</td>
                        
                        </tr>
                    
                        <tr class="even">
                        
                            <td><a href="/joda-time-test/song/show/7">7</a></td>
                        
                            <td>Handsome Furs</td>
                        
                            <td>I'm Confused</td>
                        
                            <td>3 minutes and 35 seconds</td>
                        
                        </tr>
                    
                        <tr class="odd">
                        
                            <td><a href="/joda-time-test/song/show/8">8</a></td>
                        
                            <td>Television</td>
                        
                            <td>Marquee Moon</td>
                        
                            <td>10 minutes and 38 seconds</td>
                        
                        </tr>
                    
                    </tbody>
                </table>
            </div>
            <div class="paginateButtons">
                
            </div>
        </div>
    
    </body>
</html>
========================================

#Clicked [Duration] which resolved to a [class com.gargoylesoftware.htmlunit.html.HtmlAnchor]
Content of web window [TopLevelWindow[name=""]] changed
<<<<<<<<<<<<<<<<<<<< Received response from GET http://localhost:8080/joda-time-test/song/list?sort=duration&order=asc <<<<<<<<<<<<<<<<<<<<
Response was 200 'OK', headers:
========================================
Server: Apache-Coyote/1.1
Content-Type: text/html;charset=UTF-8
Content-Language: en
Transfer-Encoding: chunked
Date: Wed, 19 Aug 2009 20:24:35 GMT
========================================
Content
========================================
<html>
    <head>
        <title>Song List</title>
        <link rel="stylesheet" href="/joda-time-test/css/main.css" />
        <link rel="shortcut icon" href="/joda-time-test/images/favicon.ico" type="image/x-icon" />
        
        <meta http-equiv="Content-Type" content="text/html; charset=UTF-8"/>
        <meta name="layout" content="main" />
        
        
    
        <script type="text/javascript" src="/joda-time-test/js/application.js"></script>

    </head>
    <body>
        <div id="spinner" class="spinner" style="display:none;">
            <img src="/joda-time-test/images/spinner.gif" alt="Spinner" />
        </div>
        <div id="grailsLogo" class="logo"><a href="http://grails.org"><img src="/joda-time-test/images/grails_logo.png" alt="Grails" border="0" /></a></div>
        
        <div class="nav">
            <span class="menuButton"><a class="home" href="/joda-time-test">Home</a></span>
            <span class="menuButton"><a href="/joda-time-test/song/create" class="create">New Song</a></span>
        </div>
        <div class="body">
            <h1>Song List</h1>
            
            <div class="list">
                <table>
                    <thead>
                        <tr>
                        
                   	        <th class="sortable" ><a href="/joda-time-test/song/list?sort=id&amp;order=asc">Id</a></th>
                        
                   	        <th class="sortable" ><a href="/joda-time-test/song/list?sort=artist&amp;order=asc">Artist</a></th>
                        
                   	        <th class="sortable" ><a href="/joda-time-test/song/list?sort=title&amp;order=asc">Title</a></th>
                        
                   	        <th class="sortable sorted asc" ><a href="/joda-time-test/song/list?sort=duration&amp;order=desc">Duration</a></th>
                        
                        </tr>
                    </thead>
                    <tbody>
                    
                        <tr class="odd">
                        
                            <td><a href="/joda-time-test/song/show/6">6</a></td>
                        
                            <td>La Roux</td>
                        
                            <td>Bulletproof</td>
                        
                            <td>3 minutes and 25 seconds</td>
                        
                        </tr>
                    
                        <tr class="even">
                        
                            <td><a href="/joda-time-test/song/show/7">7</a></td>
                        
                            <td>Handsome Furs</td>
                        
                            <td>I'm Confused</td>
                        
                            <td>3 minutes and 35 seconds</td>
                        
                        </tr>
                    
                        <tr class="odd">
                        
                            <td><a href="/joda-time-test/song/show/8">8</a></td>
                        
                            <td>Television</td>
                        
                            <td>Marquee Moon</td>
                        
                            <td>10 minutes and 38 seconds</td>
                        
                        </tr>
                    
                    </tbody>
                </table>
            </div>
            <div class="paginateButtons">
                
            </div>
        </div>
    
    </body>
</html>
========================================

#Clicked [Duration] which resolved to a [class com.gargoylesoftware.htmlunit.html.HtmlAnchor]
Content of web window [TopLevelWindow[name=""]] changed
<<<<<<<<<<<<<<<<<<<< Received response from GET http://localhost:8080/joda-time-test/song/list?sort=duration&order=desc <<<<<<<<<<<<<<<<<<<<
Response was 200 'OK', headers:
========================================
Server: Apache-Coyote/1.1
Content-Type: text/html;charset=UTF-8
Content-Language: en
Transfer-Encoding: chunked
Date: Wed, 19 Aug 2009 20:24:36 GMT
========================================
Content
========================================
<html>
    <head>
        <title>Song List</title>
        <link rel="stylesheet" href="/joda-time-test/css/main.css" />
        <link rel="shortcut icon" href="/joda-time-test/images/favicon.ico" type="image/x-icon" />
        
        <meta http-equiv="Content-Type" content="text/html; charset=UTF-8"/>
        <meta name="layout" content="main" />
        
        
    
        <script type="text/javascript" src="/joda-time-test/js/application.js"></script>

    </head>
    <body>
        <div id="spinner" class="spinner" style="display:none;">
            <img src="/joda-time-test/images/spinner.gif" alt="Spinner" />
        </div>
        <div id="grailsLogo" class="logo"><a href="http://grails.org"><img src="/joda-time-test/images/grails_logo.png" alt="Grails" border="0" /></a></div>
        
        <div class="nav">
            <span class="menuButton"><a class="home" href="/joda-time-test">Home</a></span>
            <span class="menuButton"><a href="/joda-time-test/song/create" class="create">New Song</a></span>
        </div>
        <div class="body">
            <h1>Song List</h1>
            
            <div class="list">
                <table>
                    <thead>
                        <tr>
                        
                   	        <th class="sortable" ><a href="/joda-time-test/song/list?sort=id&amp;order=asc">Id</a></th>
                        
                   	        <th class="sortable" ><a href="/joda-time-test/song/list?sort=artist&amp;order=asc">Artist</a></th>
                        
                   	        <th class="sortable" ><a href="/joda-time-test/song/list?sort=title&amp;order=asc">Title</a></th>
                        
                   	        <th class="sortable sorted desc" ><a href="/joda-time-test/song/list?sort=duration&amp;order=asc">Duration</a></th>
                        
                        </tr>
                    </thead>
                    <tbody>
                    
                        <tr class="odd">
                        
                            <td><a href="/joda-time-test/song/show/8">8</a></td>
                        
                            <td>Television</td>
                        
                            <td>Marquee Moon</td>
                        
                            <td>10 minutes and 38 seconds</td>
                        
                        </tr>
                    
                        <tr class="even">
                        
                            <td><a href="/joda-time-test/song/show/7">7</a></td>
                        
                            <td>Handsome Furs</td>
                        
                            <td>I'm Confused</td>
                        
                            <td>3 minutes and 35 seconds</td>
                        
                        </tr>
                    
                        <tr class="odd">
                        
                            <td><a href="/joda-time-test/song/show/6">6</a></td>
                        
                            <td>La Roux</td>
                        
                            <td>Bulletproof</td>
                        
                            <td>3 minutes and 25 seconds</td>
                        
                        </tr>
                    
                    </tbody>
                </table>
            </div>
            <div class="paginateButtons">
                
            </div>
        </div>
    
    </body>
</html>
========================================

#]]></system-out>

      <system-err><![CDATA[--Output from testListView--
--Output from testCreate--
--Output from testShow--
--Output from testEdit--
--Output from testListViewIsSortable--
]]></system-err>

  </testsuite>
</testsuites>
